c:\users\samue\projects\vulkan_game_engine\engine\vendor\soloud\bin\debug-windows-x86_64\soloud\soloud.pdb
c:\users\samue\projects\vulkan_game_engine\engine\vendor\soloud\bin\debug-windows-x86_64\soloud\soloud.idb
c:\users\samue\projects\vulkan_game_engine\engine\vendor\soloud\bin-int\debug-windows-x86_64\soloud\stb_vorbis.obj
c:\users\samue\projects\vulkan_game_engine\engine\vendor\soloud\bin-int\debug-windows-x86_64\soloud\sid.obj
c:\users\samue\projects\vulkan_game_engine\engine\vendor\soloud\bin-int\debug-windows-x86_64\soloud\soloud_duckfilter.obj
c:\users\samue\projects\vulkan_game_engine\engine\vendor\soloud\bin-int\debug-windows-x86_64\soloud\sndbuffer.obj
c:\users\samue\projects\vulkan_game_engine\engine\vendor\soloud\bin-int\debug-windows-x86_64\soloud\soloud_fader.obj
c:\users\samue\projects\vulkan_game_engine\engine\vendor\soloud\bin-int\debug-windows-x86_64\soloud\sndchip.obj
c:\users\samue\projects\vulkan_game_engine\engine\vendor\soloud\bin-int\debug-windows-x86_64\soloud\soloud_fftfilter.obj
c:\users\samue\projects\vulkan_game_engine\engine\vendor\soloud\bin-int\debug-windows-x86_64\soloud\soloud_openmpt.obj
c:\users\samue\projects\vulkan_game_engine\engine\vendor\soloud\bin-int\debug-windows-x86_64\soloud\soloud_core_setters.obj
c:\users\samue\projects\vulkan_game_engine\engine\vendor\soloud\bin-int\debug-windows-x86_64\soloud\soloud.obj
c:\users\samue\projects\vulkan_game_engine\engine\vendor\soloud\bin-int\debug-windows-x86_64\soloud\soloud_file.obj
c:\users\samue\projects\vulkan_game_engine\engine\vendor\soloud\bin-int\debug-windows-x86_64\soloud\soloud_lofifilter.obj
c:\users\samue\projects\vulkan_game_engine\engine\vendor\soloud\bin-int\debug-windows-x86_64\soloud\chipplayer.obj
c:\users\samue\projects\vulkan_game_engine\engine\vendor\soloud\bin-int\debug-windows-x86_64\soloud\soloud_core_voicegroup.obj
c:\users\samue\projects\vulkan_game_engine\engine\vendor\soloud\bin-int\debug-windows-x86_64\soloud\soloud_noise.obj
c:\users\samue\projects\vulkan_game_engine\engine\vendor\soloud\bin-int\debug-windows-x86_64\soloud\soloud_core_faderops.obj
c:\users\samue\projects\vulkan_game_engine\engine\vendor\soloud\bin-int\debug-windows-x86_64\soloud\soloud_waveshaperfilter.obj
c:\users\samue\projects\vulkan_game_engine\engine\vendor\soloud\bin-int\debug-windows-x86_64\soloud\soloud_sfxr.obj
c:\users\samue\projects\vulkan_game_engine\engine\vendor\soloud\bin-int\debug-windows-x86_64\soloud\soloud_thread.obj
c:\users\samue\projects\vulkan_game_engine\engine\vendor\soloud\bin-int\debug-windows-x86_64\soloud\tts.obj
c:\users\samue\projects\vulkan_game_engine\engine\vendor\soloud\bin-int\debug-windows-x86_64\soloud\soloud_queue.obj
c:\users\samue\projects\vulkan_game_engine\engine\vendor\soloud\bin-int\debug-windows-x86_64\soloud\soloud_ay.obj
c:\users\samue\projects\vulkan_game_engine\engine\vendor\soloud\bin-int\debug-windows-x86_64\soloud\soloud_core_filterops.obj
c:\users\samue\projects\vulkan_game_engine\engine\vendor\soloud\bin-int\debug-windows-x86_64\soloud\soloud_wavstream.obj
c:\users\samue\projects\vulkan_game_engine\engine\vendor\soloud\bin-int\debug-windows-x86_64\soloud\soloud_bus.obj
c:\users\samue\projects\vulkan_game_engine\engine\vendor\soloud\bin-int\debug-windows-x86_64\soloud\soloud_flangerfilter.obj
c:\users\samue\projects\vulkan_game_engine\engine\vendor\soloud\bin-int\debug-windows-x86_64\soloud\soloud_tedsid.obj
c:\users\samue\projects\vulkan_game_engine\engine\vendor\soloud\bin-int\debug-windows-x86_64\soloud\soloud_biquadresonantfilter.obj
c:\users\samue\projects\vulkan_game_engine\engine\vendor\soloud\bin-int\debug-windows-x86_64\soloud\ted.obj
c:\users\samue\projects\vulkan_game_engine\engine\vendor\soloud\bin-int\debug-windows-x86_64\soloud\soloud_core_getters.obj
c:\users\samue\projects\vulkan_game_engine\engine\vendor\soloud\bin-int\debug-windows-x86_64\soloud\soloud_vic.obj
c:\users\samue\projects\vulkan_game_engine\engine\vendor\soloud\bin-int\debug-windows-x86_64\soloud\soloud_core_3d.obj
c:\users\samue\projects\vulkan_game_engine\engine\vendor\soloud\bin-int\debug-windows-x86_64\soloud\soloud_echofilter.obj
c:\users\samue\projects\vulkan_game_engine\engine\vendor\soloud\bin-int\debug-windows-x86_64\soloud\soloud_wav.obj
c:\users\samue\projects\vulkan_game_engine\engine\vendor\soloud\bin-int\debug-windows-x86_64\soloud\soloud_core_basicops.obj
c:\users\samue\projects\vulkan_game_engine\engine\vendor\soloud\bin-int\debug-windows-x86_64\soloud\soloud_robotizefilter.obj
c:\users\samue\projects\vulkan_game_engine\engine\vendor\soloud\bin-int\debug-windows-x86_64\soloud\klatt.obj
c:\users\samue\projects\vulkan_game_engine\engine\vendor\soloud\bin-int\debug-windows-x86_64\soloud\soloud_bassboostfilter.obj
c:\users\samue\projects\vulkan_game_engine\engine\vendor\soloud\bin-int\debug-windows-x86_64\soloud\sndrender.obj
c:\users\samue\projects\vulkan_game_engine\engine\vendor\soloud\bin-int\debug-windows-x86_64\soloud\soloud_eqfilter.obj
c:\users\samue\projects\vulkan_game_engine\engine\vendor\soloud\bin-int\debug-windows-x86_64\soloud\resonator.obj
c:\users\samue\projects\vulkan_game_engine\engine\vendor\soloud\bin-int\debug-windows-x86_64\soloud\soloud_misc.obj
c:\users\samue\projects\vulkan_game_engine\engine\vendor\soloud\bin-int\debug-windows-x86_64\soloud\soloud_vizsn.obj
c:\users\samue\projects\vulkan_game_engine\engine\vendor\soloud\bin-int\debug-windows-x86_64\soloud\soloud_fft_lut.obj
c:\users\samue\projects\vulkan_game_engine\engine\vendor\soloud\bin-int\debug-windows-x86_64\soloud\soloud_filter.obj
c:\users\samue\projects\vulkan_game_engine\engine\vendor\soloud\bin-int\debug-windows-x86_64\soloud\dr_impl.obj
c:\users\samue\projects\vulkan_game_engine\engine\vendor\soloud\bin-int\debug-windows-x86_64\soloud\soloud_dcremovalfilter.obj
c:\users\samue\projects\vulkan_game_engine\engine\vendor\soloud\bin-int\debug-windows-x86_64\soloud\darray.obj
c:\users\samue\projects\vulkan_game_engine\engine\vendor\soloud\bin-int\debug-windows-x86_64\soloud\soloud_fft.obj
c:\users\samue\projects\vulkan_game_engine\engine\vendor\soloud\bin-int\debug-windows-x86_64\soloud\soloud_null.obj
c:\users\samue\projects\vulkan_game_engine\engine\vendor\soloud\bin-int\debug-windows-x86_64\soloud\soloud_audiosource.obj
c:\users\samue\projects\vulkan_game_engine\engine\vendor\soloud\bin-int\debug-windows-x86_64\soloud\soloud_freeverbfilter.obj
c:\users\samue\projects\vulkan_game_engine\engine\vendor\soloud\bin-int\debug-windows-x86_64\soloud\soloud_monotone.obj
c:\users\samue\projects\vulkan_game_engine\engine\vendor\soloud\bin-int\debug-windows-x86_64\soloud\soloud_core_voiceops.obj
c:\users\samue\projects\vulkan_game_engine\engine\vendor\soloud\bin-int\debug-windows-x86_64\soloud\soloud_speech.obj
c:\users\samue\projects\vulkan_game_engine\engine\vendor\soloud\bin\debug-windows-x86_64\soloud\soloud.lib
c:\users\samue\projects\vulkan_game_engine\engine\vendor\soloud\bin-int\debug-windows-x86_64\soloud\soloud.tlog\cl.command.1.tlog
c:\users\samue\projects\vulkan_game_engine\engine\vendor\soloud\bin-int\debug-windows-x86_64\soloud\soloud.tlog\cl.items.tlog
c:\users\samue\projects\vulkan_game_engine\engine\vendor\soloud\bin-int\debug-windows-x86_64\soloud\soloud.tlog\cl.read.1.tlog
c:\users\samue\projects\vulkan_game_engine\engine\vendor\soloud\bin-int\debug-windows-x86_64\soloud\soloud.tlog\cl.write.1.tlog
c:\users\samue\projects\vulkan_game_engine\engine\vendor\soloud\bin-int\debug-windows-x86_64\soloud\soloud.tlog\lib-link.read.1.tlog
c:\users\samue\projects\vulkan_game_engine\engine\vendor\soloud\bin-int\debug-windows-x86_64\soloud\soloud.tlog\lib-link.write.1.tlog
c:\users\samue\projects\vulkan_game_engine\engine\vendor\soloud\bin-int\debug-windows-x86_64\soloud\soloud.tlog\lib.command.1.tlog
