  chipplayer.cpp
  sndbuffer.cpp
  sndchip.cpp
  sndrender.cpp
  soloud_ay.cpp
  soloud_monotone.cpp
  soloud_noise.cpp
  soloud_openmpt.cpp
  soloud_sfxr.cpp
  darray.cpp
  klatt.cpp
  resonator.cpp
  soloud_speech.cpp
  tts.cpp
  sid.cpp
  soloud_tedsid.cpp
  ted.cpp
  soloud_vic.cpp
  soloud_vizsn.cpp
  dr_impl.cpp
  soloud_wav.cpp
  soloud_wavstream.cpp
  soloud_null.cpp
  soloud.cpp
  soloud_audiosource.cpp
  soloud_bus.cpp
  soloud_core_3d.cpp
  soloud_core_basicops.cpp
  soloud_core_faderops.cpp
  soloud_core_filterops.cpp
C:\Users\samue\Projects\vulkan_game_engine\Engine\vendor\soloud\include\zx7decompress.h(81,30): warning C4267: '=': conversion from 'size_t' to 'int', possible loss of data
  (compiling source file 'src/audiosource/ay/soloud_ay.cpp')
  
C:\Users\samue\Projects\vulkan_game_engine\Engine\vendor\soloud\include\zx7decompress.h(104,26): warning C4267: 'return': conversion from 'size_t' to 'int', possible loss of data
  (compiling source file 'src/audiosource/ay/soloud_ay.cpp')
  
C:\Users\samue\Projects\vulkan_game_engine\Engine\vendor\soloud\include\zx7decompress.h(81,30): warning C4267: '=': conversion from 'size_t' to 'int', possible loss of data
  (compiling source file 'src/audiosource/tedsid/soloud_tedsid.cpp')
  
C:\Users\samue\Projects\vulkan_game_engine\Engine\vendor\soloud\include\zx7decompress.h(104,26): warning C4267: 'return': conversion from 'size_t' to 'int', possible loss of data
  (compiling source file 'src/audiosource/tedsid/soloud_tedsid.cpp')
  
  soloud_core_getters.cpp
  soloud_core_setters.cpp
  soloud_core_voicegroup.cpp
  soloud_core_voiceops.cpp
  soloud_fader.cpp
  soloud_fft.cpp
  soloud_fft_lut.cpp
  soloud_file.cpp
  soloud_filter.cpp
  soloud_misc.cpp
  soloud_queue.cpp
  soloud_thread.cpp
  soloud_bassboostfilter.cpp
  soloud_biquadresonantfilter.cpp
  soloud_dcremovalfilter.cpp
  soloud_duckfilter.cpp
  soloud_echofilter.cpp
  soloud_eqfilter.cpp
  soloud_fftfilter.cpp
  soloud_flangerfilter.cpp
  soloud_freeverbfilter.cpp
  soloud_lofifilter.cpp
  soloud_robotizefilter.cpp
  soloud_waveshaperfilter.cpp
  stb_vorbis.c
  SoLoud.vcxproj -> C:\Users\samue\Projects\vulkan_game_engine\Engine\vendor\soloud\bin\Debug-windows-x86_64\SoLoud\SoLoud.lib
